<?xml version="1.0" encoding="UTF-8"?>
<testng-results skipped="0" failed="0" total="1" passed="1">
  <reporter-output>
  </reporter-output>
  <suite name="Default suite" duration-ms="19796" started-at="2016-07-16T05:44:04Z" finished-at="2016-07-16T05:44:24Z">
    <groups>
    </groups>
    <test name="Default test" duration-ms="19796" started-at="2016-07-16T05:44:04Z" finished-at="2016-07-16T05:44:24Z">
      <class name="com.gmailtestpage.qa.FunctionalTest">
        <test-method status="PASS" signature="startUp()[pri:0, instance:com.gmailtestpage.qa.FunctionalTest@16392c27]" name="startUp" is-config="true" duration-ms="4121" started-at="2016-07-16T01:44:04Z" finished-at="2016-07-16T01:44:08Z">
          <reporter-output>
          </reporter-output>
        </test-method> <!-- startUp -->
        <test-method status="PASS" signature="validLoginTest()[pri:0, instance:com.gmailtestpage.qa.FunctionalTest@16392c27]" name="validLoginTest" duration-ms="15647" started-at="2016-07-16T01:44:08Z" finished-at="2016-07-16T01:44:24Z">
          <reporter-output>
          </reporter-output>
        </test-method> <!-- validLoginTest -->
        <test-method status="PASS" signature="tearDown()[pri:0, instance:com.gmailtestpage.qa.FunctionalTest@16392c27]" name="tearDown" is-config="true" duration-ms="0" started-at="2016-07-16T01:44:24Z" finished-at="2016-07-16T01:44:24Z">
          <reporter-output>
          </reporter-output>
        </test-method> <!-- tearDown -->
      </class> <!-- com.gmailtestpage.qa.FunctionalTest -->
    </test> <!-- Default test -->
  </suite> <!-- Default suite -->
</testng-results>
